<?xml version="1.0" encoding="UTF-8"?>
<coverage generated="1612448249188" clover="3.2.0">
  <project timestamp="1612448249189" name="All files">
    <metrics statements="14" coveredstatements="9" conditionals="4" coveredconditionals="2" methods="5" coveredmethods="3" elements="23" coveredelements="14" complexity="0" loc="14" ncloc="14" packages="1" files="1" classes="1"/>
    <file name="list_helper.js" path="C:\Users\limov\Desktop\React\full-stack-open-2020-part4\backend\utils\list_helper.js">
      <metrics statements="14" coveredstatements="9" conditionals="4" coveredconditionals="2" methods="5" coveredmethods="3"/>
      <line num="1" count="1" type="stmt"/>
      <line num="2" count="1" type="stmt"/>
      <line num="3" count="0" type="stmt"/>
      <line num="6" count="1" type="stmt"/>
      <line num="7" count="3" type="stmt"/>
      <line num="8" count="3" type="stmt"/>
      <line num="9" count="11" type="stmt"/>
      <line num="11" count="3" type="cond" truecount="2" falsecount="0"/>
      <line num="15" count="1" type="stmt"/>
      <line num="16" count="0" type="stmt"/>
      <line num="17" count="0" type="stmt"/>
      <line num="18" count="0" type="stmt"/>
      <line num="20" count="0" type="cond" truecount="0" falsecount="2"/>
      <line num="24" count="1" type="stmt"/>
    </file>
  </project>
</coverage>
