{"C:\\Users\\limov\\Desktop\\React\\full-stack-open-2020-part4\\backend\\utils\\list_helper.js": {"path":"C:\\Users\\limov\\Desktop\\React\\full-stack-open-2020-part4\\backend\\utils\\list_helper.js","statementMap":{"0":{"start":{"line":1,"column":14},"end":{"line":4,"column":1}},"1":{"start":{"line":2,"column":2},"end":{"line":2,"column":13}},"2":{"start":{"line":3,"column":2},"end":{"line":3,"column":10}},"3":{"start":{"line":6,"column":19},"end":{"line":12,"column":1}},"4":{"start":{"line":7,"column":12},"end":{"line":7,"column":13}},"5":{"start":{"line":8,"column":2},"end":{"line":10,"column":4}},"6":{"start":{"line":9,"column":4},"end":{"line":9,"column":21}},"7":{"start":{"line":11,"column":2},"end":{"line":11,"column":37}},"8":{"start":{"line":15,"column":21},"end":{"line":21,"column":1}},"9":{"start":{"line":16,"column":12},"end":{"line":16,"column":13}},"10":{"start":{"line":17,"column":2},"end":{"line":19,"column":4}},"11":{"start":{"line":18,"column":4},"end":{"line":18,"column":21}},"12":{"start":{"line":20,"column":2},"end":{"line":20,"column":37}},"13":{"start":{"line":24,"column":0},"end":{"line":24,"column":38}}},"fnMap":{"0":{"name":"(anonymous_0)","decl":{"start":{"line":1,"column":14},"end":{"line":1,"column":15}},"loc":{"start":{"line":1,"column":25},"end":{"line":4,"column":1}},"line":1},"1":{"name":"(anonymous_1)","decl":{"start":{"line":6,"column":19},"end":{"line":6,"column":20}},"loc":{"start":{"line":6,"column":30},"end":{"line":12,"column":1}},"line":6},"2":{"name":"(anonymous_2)","decl":{"start":{"line":8,"column":12},"end":{"line":8,"column":13}},"loc":{"start":{"line":8,"column":27},"end":{"line":10,"column":3}},"line":8},"3":{"name":"(anonymous_3)","decl":{"start":{"line":15,"column":21},"end":{"line":15,"column":22}},"loc":{"start":{"line":15,"column":32},"end":{"line":21,"column":1}},"line":15},"4":{"name":"(anonymous_4)","decl":{"start":{"line":17,"column":12},"end":{"line":17,"column":13}},"loc":{"start":{"line":17,"column":27},"end":{"line":19,"column":3}},"line":17}},"branchMap":{"0":{"loc":{"start":{"line":11,"column":9},"end":{"line":11,"column":37}},"type":"cond-expr","locations":[{"start":{"line":11,"column":30},"end":{"line":11,"column":31}},{"start":{"line":11,"column":34},"end":{"line":11,"column":37}}],"line":11},"1":{"loc":{"start":{"line":20,"column":9},"end":{"line":20,"column":37}},"type":"cond-expr","locations":[{"start":{"line":20,"column":30},"end":{"line":20,"column":31}},{"start":{"line":20,"column":34},"end":{"line":20,"column":37}}],"line":20}},"s":{"0":1,"1":1,"2":0,"3":1,"4":3,"5":3,"6":11,"7":3,"8":1,"9":0,"10":0,"11":0,"12":0,"13":1},"f":{"0":1,"1":3,"2":11,"3":0,"4":0},"b":{"0":[1,2],"1":[0,0]},"_coverageSchema":"1a1c01bbd47fc00a2c39e90264f33305004495a9","hash":"4c31da5f979fe13fe7a3f5d6b9c8e12eeea75103"}
}
